app/proguard-rules.pro
# This is a configuration file for ProGuard.
# http://proguard.sourceforge.net/index.html#manual/usage.html

-dontusemixedcaseclassnames
-dontskipnonpubliclibraryclasses
-verbose

# Optimization is turned off by default. Dex does not like code run
# through the ProGuard optimize and preverify steps (and performs some
# of these optimizations on its own).
-dontoptimize
-dontpreverify
# Note that if you want to enable optimization, you cannot just
# include optimization flags in your own project configuration file;
# instead you will need to point to the
# "proguard-android-optimize.txt" file instead of this one from your
# project.properties file.

# 指定代码的压缩级别 0 - 7(指定代码进行迭代优化的次数，在Android里面默认是5，这条指令也只有在可以优化时起作用。)
-optimizationpasses 7

#指定外部模糊字典
-obfuscationdictionary dictionary_rules.txt
#指定class模糊字典
-classobfuscationdictionary dictionary_rules.txt
#指定package模糊字典
-packageobfuscationdictionary dictionary_rules.txt


-keepattributes *Annotation*
-keep public class com.google.vending.licensing.ILicensingService
-keep public class com.android.vending.licensing.ILicensingService

-keep @androidx.annotation.Keep class **{
@androidx.annotation.Keep <fields>;
@androidx.annotation.Keep <methods>;
}
# For native methods, see http://proguard.sourceforge.net/manual/examples.html#native
-keepclasseswithmembernames class * {
    native <methods>;
}

# keep setters in Views so that animations can still work.
# see http://proguard.sourceforge.net/manual/examples.html#beans
-keepclassmembers public class * extends android.view.View {
   void set*(***);
   *** get*();
}

# We want to keep methods in Activity that could be used in the XML attribute onClick
-keepclassmembers class * extends android.app.Activity {
   public void *(android.view.View);
}

# For enumeration classes, see http://proguard.sourceforge.net/manual/examples.html#enumerations
-keepclassmembers enum * {
    public static **[] values();
    public static ** valueOf(java.lang.String);
}

-keepclassmembers class * implements android.os.Parcelable {
  public static final android.os.Parcelable$Creator CREATOR;
}

-keepclassmembers class **.R$* {
    public static <fields>;
}

# The support library contains references to newer platform versions.
# Don't warn about those in case this app is linking against an older
# platform version.  We know about them, and they are safe.
-dontwarn android.support.**

# Understand the @Keep support annotation.
-keep class android.support.annotation.Keep

-keep @android.support.annotation.Keep class * {*;}

-keepclasseswithmembers class * {
    @android.support.annotation.Keep <methods>;
}

-keepclasseswithmembers class * {
    @android.support.annotation.Keep <fields>;
}

-keepclasseswithmembers class * {
    @android.support.annotation.Keep <init>(...);
}
#不混淆Java方法
#-keep class java.** {*;}

### keep BmobSDK ###
#-dontwarn cn.bmob.v3.**
-keep class cn.bmob.v3.** {*;}

# 确保JavaBean不被混淆-否则gson将无法将数据解析成具体对象
#-keep class * extends cn.bmob.v3.BmobObject {<fields>;}

# keep BmobPush
-dontwarn  cn.bmob.push.**
-keep class cn.bmob.push.** {*;}

# keep okhttp3、okio
-dontwarn okhttp3.**
-keep class okhttp3.** { *;}
-keep class okio.** { *;}
-keep interface okhttp3.** { *;}
-dontwarn okio.**

# keep rx
-dontwarn sun.misc.**
-keepclassmembers class rx.internal.util.unsafe.*ArrayQueue*Field* {
 long producerIndex;
 long consumerIndex;
}
-keepclassmembers class rx.internal.util.unsafe.BaseLinkedQueueProducerNodeRef {
 rx.internal.util.atomic.LinkedQueueNode producerNode;
}
-keepclassmembers class rx.internal.util.unsafe.BaseLinkedQueueConsumerNodeRef {
 rx.internal.util.atomic.LinkedQueueNode consumerNode;
}

# 如果你需要兼容6.0系统，请不要混淆org.apache.http.legacy.jar
-dontwarn android.net.compatibility.**
-dontwarn android.net.http.**
-dontwarn com.android.internal.http.multipart.**
-dontwarn org.apache.commons.**
-dontwarn org.apache.http.**
-keep class android.net.compatibility.**{*;}
-keep class android.net.http.**{*;}
-keep class com.android.internal.http.multipart.**{*;}
-keep class org.apache.commons.**{*;}
-keep class org.apache.http.**{*;}

### end ###

# 不需要混淆android-support-v4.jar
-dontwarn android.support.v4.**
-keep class android.support.v4.** { *; }
-keep interface android.support.v4.app.** { *; }
-keep public class * extends android.support.v4.**
-keep public class * extends android.app.Fragment
-keepattributes *Annotation*
-keep public class * extends android.app.Activity
-keep public class * extends android.app.Application
-keep public class * extends android.app.Service
-keep public class * extends android.content.BroadcastReceiver
-keep public class * extends android.content.ContentProvider
-keep public class * extends android.preference.Preference


### FMP Helper ###

-keep class com.fmp.cloud.FMP_APP_AD {
 <fields>;
}
-keep class com.fmp.cloud.FMP_USER_NOTICE {
 <fields>;
}
-keep class com.fmp.cloud.FMP_USER_SIGNIN {
 <fields>;
}

-keep class com.fmp.data.** {
 <fields>;
}
-keep class com.fmp.core.HelperNative {
 *;
}
#-keep class net.fmp.core.HelperApplication {*;}
#-keep class com.fmp.core.HackUtil {*;}

#-keep class com.fmp.FMP_CrashHandler {*;}
#-keep class com.fmp.AppConfig {*;}
#-keep class com.fmp.FMP_Tools {*;}
#-keep class com.fmp.receiver.** {*;}
#-keep class com.fmp.util.Base64Util {*;}
#-keep class com.fmp.util.FMP_Util {*;}

-keepnames class * implements java.io.Serializable
-keepclassmembers class * implements java.io.Serializable {
    static final long serialVersionUID;
    private static final java.io.ObjectStreamField[] serialPersistentFields;
    !static !transient <fields>;
    private void writeObject(java.io.ObjectOutputStream);
    private void readObject(java.io.ObjectInputStream);
    java.lang.Object writeReplace();
    java.lang.Object readResolve();
}

-keep class org.mozilla.javascript.annotations.JSStaticFunction

-dontwarn com.lwkandroid.imagepicker.**
-keep class com.lwkandroid.imagepicker.**{*;}

-dontwarn org.mozilla.javascript.**
-dontwarn org.mozilla.classfile.**
-keep class org.mozilla.javascript.** { *; }

### end ###

#-assumenosideeffects class android.util.Log {
#    public static *** v(...);
#    public static *** i(...);
#    public static *** d(...);
#    public static *** w(...);
#    public static *** e(...);
#}