app/mapping.txt
# compiler: R8
# compiler_version: 1.4.94
# min_api: 19
...
java.security.cert.CertificateParsingException -> e.f.a.f:
java.security.cert.PKIXCertPathChecker -> e.f.a.g:
java.security.cert.X509Certificate -> e.f.a.h:
    javax.security.auth.x500.X500Principal getIssuerX500Principal() -> A
    java.util.Collection getSubjectAlternativeNames() -> D
    javax.security.auth.x500.X500Principal getSubjectX500Principal() -> E
    java.security.Principal getIssuerDN() -> z
java.security.cert.X509Extension -> e.f.a.i:
java.security.spec.AlgorithmParameterSpec -> e.f.b.a:
java.security.spec.EncodedKeySpec -> e.f.b.b:
java.security.spec.KeySpec -> e.f.b.c:
java.security.spec.PKCS8EncodedKeySpec -> e.f.b.d:
java.sql.Array -> e.g.a:
java.sql.Blob -> e.g.b:
java.sql.Clob -> e.g.c:
java.sql.Connection -> e.g.d:
java.sql.Date -> e.g.e:
java.sql.NClob -> e.g.f:
java.sql.PreparedStatement -> e.g.g:
java.sql.Ref -> e.g.h:
java.sql.ResultSet -> e.g.i:
java.sql.ResultSetMetaData -> e.g.j:
java.sql.RowId -> e.g.k:
java.sql.SQLException -> e.g.l:
java.sql.SQLXML -> e.g.m:
java.sql.Statement -> e.g.n:
java.sql.Time -> e.g.o:
java.sql.Timestamp -> e.g.p:
java.sql.Wrapper -> e.g.q:
java.text.AttributedCharacterIterator -> e.h.a:
java.text.AttributedCharacterIterator$Attribute -> e.h.a$a:
java.text.CharacterIterator -> e.h.b:
java.text.DateFormat -> e.h.c:
java.text.DecimalFormat -> e.h.d:
java.text.FieldPosition -> e.h.e:
java.text.Format -> e.h.f:
java.text.Format$Field -> e.h.f$a:
java.text.NumberFormat -> e.h.g:
java.text.ParseException -> e.h.h:
java.text.ParsePosition -> e.h.i:
java.text.SimpleDateFormat -> e.h.j:
java.util.AbstractCollection -> e.i.a:
java.util.AbstractList -> e.i.b:
java.util.AbstractMap -> e.i.c:
java.util.AbstractQueue -> e.i.d:
java.util.AbstractSequentialList -> e.i.e:
java.util.AbstractSet -> e.i.f:
java.util.ArrayDeque -> e.i.g:
java.util.ArrayList -> e.i.h:
java.util.Arrays -> e.i.i:
    java.util.List asList(java.lang.Object[]) -> a
    int binarySearch(int[],int,int,int) -> a
    byte[] copyOf(byte[],int) -> a
    int[] copyOf(int[],int) -> a
    java.lang.Object[] copyOf(java.lang.Object[],int) -> a
    void fill(float[],float) -> a
    void fill(java.lang.Object[],int,int,java.lang.Object) -> a
    void fill(java.lang.Object[],java.lang.Object) -> a
    int hashCode(byte[]) -> a
    void fill(int[],int,int,int) -> b
    int hashCode(java.lang.Object[]) -> b
java.util.BitSet -> e.i.j:
    void set(int,int,boolean) -> a
java.util.Calendar -> e.i.k:
java.util.Collection -> e.i.l:
java.util.Collections -> e.i.m:
    java.util.Map emptyMap() -> A
    java.util.Set singleton(java.lang.Object) -> a
    java.util.Map singletonMap(java.lang.Object,java.lang.Object) -> a
    void sort(java.util.List,java.util.Comparator) -> a
    java.util.List unmodifiableList(java.util.List) -> a
    java.util.Map unmodifiableMap(java.util.Map) -> a
    java.util.List singletonList(java.lang.Object) -> b
    java.util.List emptyList() -> z
java.util.Comparator -> e.i.n:
java.util.ConcurrentModificationException -> e.i.o:
java.util.Date -> e.i.p:
java.util.Deque -> e.i.q:
java.util.Dictionary -> e.i.r:
java.util.EnumSet -> e.i.s:
java.util.Enumeration -> e.i.t:
java.util.EventListener -> e.i.u:
java.util.EventObject -> e.i.v:
java.util.GregorianCalendar -> e.i.w:
java.util.HashMap -> e.i.x:
java.util.HashSet -> e.i.y:
java.util.Hashtable -> e.i.z:
java.util.Iterator -> e.i.A:
java.util.LinkedHashMap -> e.i.B:
java.util.LinkedHashSet -> e.i.C:
java.util.LinkedList -> e.i.D:
java.util.List -> e.i.E:
java.util.ListIterator -> e.i.F:
java.util.Locale -> e.i.G:
    java.util.Locale US -> a
java.util.Map -> e.i.H:
java.util.Map$Entry -> e.i.H$a:
java.util.NavigableMap -> e.i.I:
java.util.NavigableSet -> e.i.J:
java.util.NoSuchElementException -> e.i.K:
java.util.Observable -> e.i.L:
java.util.Properties -> e.i.M:
java.util.Queue -> e.i.N:
java.util.Random -> e.i.O:
    void nextBytes(byte[]) -> a
java.util.RandomAccess -> e.i.P:
java.util.Scanner -> e.i.Q:
java.util.Set -> e.i.S: